1 OK !
1 OK !
1 OK !
1 OK !
1 OK !
1 OK !
1 OK !
1 OK !
1 OK !
1 OK !
1 OK !
1 OK !
1 OK !
1 OK !
1 OK !
1 OK !
1 OK !
1 OK !
1 OK !
1 OK !
1 OK !
1 OK !
1 OK !
1 OK !
1 OK !
1 OK !
1 OK !
1 OK !
1 OK !
1 OK !
1 OK !
1 OK !
1 OK !
1 OK !
1 OK !
1 OK !
1 OK !
1 OK !
1 OK !
1 OK !
1 OK !
1 OK !
1 OK !
1 OK !
1 OK !
1 OK !
1 OK !
1 OK !
1 OK !
1 OK !
1 OK !
1 OK !
1 OK !
1 OK !
1 OK !
1 OK !
1 OK !
1 OK !
1 OK !
1 OK !
1 OK !
1 OK !
1 OK !
1 OK !
1 OK !
1 OK !
1 OK !
1 OK !
1 OK !
1 OK !
1 OK !
1 OK !
1 OK !
1 OK !
1 OK !
1 OK !
1 OK !
1 OK !
1 OK !
1 OK !
1 OK !
1 OK !
1 OK !
1 OK !
1 OK !
1 OK !
1 OK !
1 OK !
1 OK !
1 OK !
1 OK !
1 OK !
1 OK !
1 OK !
1 OK !
1 OK !
1 OK !
1 OK !
1 OK !
1 OK !
1 OK !
1 OK !
1 OK !
1 OK !
1 OK !
1 OK !
1 OK !
1 OK !
1 OK !
1 OK !
1 OK !
1 OK !
1 OK !
1 OK !
1 OK !
1 OK !
1 OK !
1 OK !
1 OK !
1 OK !
1 OK !
1 OK !
1 OK !
1 OK !
1 OK !
1 OK !
1 OK !
1 OK !
1 OK !
1 OK !
1 OK !
1 OK !
1 OK !
1 OK !
1 OK !
1 OK !
1 OK !
1 OK !
1 OK !
1 OK !
1 OK !
1 OK !
1 OK !
1 OK !
1 OK !
1 OK !
(1062, "Duplicate entry '我是查理 I'm Charlene-2023年4月10日' for key 'PRIMARY'")
(1062, "Duplicate entry '我是查理 I'm Charlene-2023年4月10日' for key 'fb_data.PRIMARY'")
1 OK !
1 OK !
1 OK !
1 OK !
1 OK !
1 OK !
1 OK !
1 OK !
1 OK !
1 OK !
1 OK !
1 OK !
1 OK !
1 OK !
1 OK !
1 OK !
1 OK !
1 OK !
1 OK !
1 OK !
1 OK !
1 OK !
(1062, "Duplicate entry '我是查理 I'm Charlene-2023年1月28日' for key 'PRIMARY'")
(1062, "Duplicate entry '我是查理 I'm Charlene-2023年1月28日' for key 'fb_data.PRIMARY'")
1 OK !
1 OK !
1 OK !
1 OK !
1 OK !
1 OK !
1 OK !
1 OK !
1 OK !
1 OK !
1 OK !
1 OK !
1 OK !
1 OK !
1 OK !
1 OK !
1 OK !
1 OK !
1 OK !
1 OK !
1 OK !
1 OK !
1 OK !
1 OK !
1 OK !
1 OK !
1 OK !
1 OK !
1 OK !
1 OK !
1 OK !
1 OK !
1 OK !
1 OK !
1 OK !
1 OK !
(1062, "Duplicate entry '我是查理 I'm Charlene-2023年9月23日' for key 'PRIMARY'")
(1062, "Duplicate entry '我是查理 I'm Charlene-2023年9月23日' for key 'fb_data.PRIMARY'")
1 OK !
1 OK !
1 OK !
1 OK !
(1062, "Duplicate entry '我是查理 I'm Charlene-2023年3月20日' for key 'PRIMARY'")
(1062, "Duplicate entry '我是查理 I'm Charlene-2023年3月20日' for key 'fb_data.PRIMARY'")
1 OK !
1 OK !
1 OK !
1 OK !
(1062, "Duplicate entry '我是查理 I'm Charlene-2023年7月5日' for key 'PRIMARY'")
(1062, "Duplicate entry '我是查理 I'm Charlene-2023年7月5日' for key 'fb_data.PRIMARY'")
1 OK !
1 OK !
1 OK !
1 OK !
1 OK !
1 OK !
1 OK !
1 OK !
1 OK !
1 OK !
1 OK !
1 OK !
1 OK !
1 OK !
1 OK !
1 OK !
1 OK !
1 OK !
(1062, "Duplicate entry '我是查理 I'm Charlene-2023年5月1日' for key 'PRIMARY'")
(1062, "Duplicate entry '我是查理 I'm Charlene-2023年5月1日' for key 'fb_data.PRIMARY'")
1 OK !
1 OK !
1 OK !
1 OK !
1 OK !
1 OK !
1 OK !
1 OK !
(1062, "Duplicate entry '我是查理 I'm Charlene-2023年11月12日' for key 'PRIMARY'")
(1062, "Duplicate entry '我是查理 I'm Charlene-2023年11月12日' for key 'fb_data.PRIMARY'")
1 OK !
1 OK !
1 OK !
1 OK !
1 OK !
1 OK !
1 OK !
1 OK !
1 OK !
1 OK !
1 OK !
1 OK !
1 OK !
1 OK !
1 OK !
1 OK !
(1062, "Duplicate entry '我是查理 I'm Charlene-2023年11月21日' for key 'PRIMARY'")
(1062, "Duplicate entry '我是查理 I'm Charlene-2023年11月21日' for key 'fb_data.PRIMARY'")
(1062, "Duplicate entry '我是查理 I'm Charlene-2023年5月9日' for key 'PRIMARY'")
(1062, "Duplicate entry '我是查理 I'm Charlene-2023年5月9日' for key 'fb_data.PRIMARY'")
1 OK !
1 OK !
1 OK !
1 OK !
1 OK !
1 OK !
1 OK !
1 OK !
1 OK !
1 OK !
1 OK !
1 OK !
1 OK !
1 OK !
(1062, "Duplicate entry '我是查理 I'm Charlene-2023年12月16日' for key 'PRIMARY'")
(1062, "Duplicate entry '我是查理 I'm Charlene-2023年12月16日' for key 'fb_data.PRIMARY'")
(1062, "Duplicate entry '我是查理 I'm Charlene-1月28日' for key 'PRIMARY'")
(1062, "Duplicate entry '我是查理 I'm Charlene-1月28日' for key 'fb_data.PRIMARY'")
(1062, "Duplicate entry '我是查理 I'm Charlene-2023年1月2日' for key 'PRIMARY'")
(1062, "Duplicate entry '我是查理 I'm Charlene-2023年1月2日' for key 'fb_data.PRIMARY'")
1 OK !
1 OK !
1 OK !
1 OK !
1 OK !
1 OK !
(1062, "Duplicate entry '我是查理 I'm Charlene-2023年8月20日' for key 'PRIMARY'")
(1062, "Duplicate entry '我是查理 I'm Charlene-2023年8月20日' for key 'fb_data.PRIMARY'")
1 OK !
1 OK !
1 OK !
1 OK !
1 OK !
1 OK !
1 OK !
1 OK !
1 OK !
1 OK !
1 OK !
1 OK !
1 OK !
1 OK !
1 OK !
1 OK !
1 OK !
1 OK !
(1062, "Duplicate entry '我是查理 I'm Charlene-3月16日下午9:42' for key 'PRIMARY'")
(1062, "Duplicate entry '我是查理 I'm Charlene-3月16日下午9:42' for key 'fb_data.PRIMARY'")
1 OK !
1 OK !
(1062, "Duplicate entry '我是查理 I'm Charlene-2023年4月23日' for key 'PRIMARY'")
(1062, "Duplicate entry '我是查理 I'm Charlene-2023年4月23日' for key 'fb_data.PRIMARY'")
(1062, "Duplicate entry '我是查理 I'm Charlene-2023年11月15日' for key 'PRIMARY'")
(1062, "Duplicate entry '我是查理 I'm Charlene-2023年11月15日' for key 'fb_data.PRIMARY'")
1 OK !
1 OK !
1 OK !
1 OK !
1 OK !
1 OK !
1 OK !
1 OK !
1 OK !
1 OK !
1 OK !
1 OK !
1 OK !
1 OK !
1 OK !
1 OK !
1 OK !
1 OK !
1 OK !
1 OK !
1 OK !
1 OK !
1 OK !
1 OK !
1 OK !
1 OK !
1 OK !
1 OK !
1 OK !
1 OK !
1 OK !
1 OK !
1 OK !
1 OK !
1 OK !
1 OK !
1 OK !
1 OK !
1 OK !
1 OK !
1 OK !
1 OK !
1 OK !
1 OK !
1 OK !
1 OK !
1 OK !
1 OK !
1 OK !
1 OK !
1 OK !
1 OK !
1 OK !
1 OK !
1 OK !
1 OK !
1 OK !
1 OK !
1 OK !
1 OK !
1 OK !
1 OK !
1 OK !
1 OK !
1 OK !
1 OK !
1 OK !
1 OK !
1 OK !
1 OK !
1 OK !
1 OK !
1 OK !
1 OK !
1 OK !
1 OK !
1 OK !
1 OK !
1 OK !
1 OK !
1 OK !
1 OK !
(1062, "Duplicate entry '丹妮婊姐星球-2月12日' for key 'PRIMARY'")
(1062, "Duplicate entry '丹妮婊姐星球-2月12日' for key 'fb_data.PRIMARY'")
1 OK !
1 OK !
1 OK !
1 OK !
1 OK !
1 OK !
1 OK !
1 OK !
1 OK !
1 OK !
1 OK !
1 OK !
(1062, "Duplicate entry '丹妮婊姐星球-2022年11月29日' for key 'PRIMARY'")
(1062, "Duplicate entry '丹妮婊姐星球-2022年11月29日' for key 'fb_data.PRIMARY'")
1 OK !
1 OK !
1 OK !
1 OK !
1 OK !
1 OK !
(1062, "Duplicate entry '丹妮婊姐星球-2023年1月25日' for key 'PRIMARY'")
(1062, "Duplicate entry '丹妮婊姐星球-2023年1月25日' for key 'fb_data.PRIMARY'")
1 OK !
1 OK !
(1064, 'You have an error in your SQL syntax; check the manual that corresponds to your MariaDB server version for the right syntax to use near \'不陽痿髮圈"，萬一鬆了就用吹風機吹吹恢復緊度，一條可...\' at line 1')
(1064, 'You have an error in your SQL syntax; check the manual that corresponds to your MySQL server version for the right syntax to use near \'不陽痿髮圈"，萬一鬆了就用吹風機吹吹恢復緊度，一條可以ç\' at line 1')
1 OK !
1 OK !
1 OK !
1 OK !
1 OK !
1 OK !
1 OK !
1 OK !
1 OK !
1 OK !
(1062, "Duplicate entry '丹妮婊姐星球-2022年12月22日' for key 'PRIMARY'")
(1062, "Duplicate entry '丹妮婊姐星球-2022年12月22日' for key 'fb_data.PRIMARY'")
1 OK !
1 OK !
1 OK !
1 OK !
1 OK !
1 OK !
1 OK !
1 OK !
1 OK !
1 OK !
1 OK !
1 OK !
1 OK !
1 OK !
1 OK !
1 OK !
1 OK !
1 OK !
1 OK !
1 OK !
1 OK !
1 OK !
1 OK !
1 OK !
1 OK !
1 OK !
1 OK !
1 OK !
1 OK !
1 OK !
(1062, "Duplicate entry '丹妮婊姐星球-2023年9月14日' for key 'PRIMARY'")
(1062, "Duplicate entry '丹妮婊姐星球-2023年9月14日' for key 'fb_data.PRIMARY'")
1 OK !
1 OK !
(1064, 'You have an error in your SQL syntax; check the manual that corresponds to your MariaDB server version for the right syntax to use near \'乾"尬，回家又可爽爽養髮不用又塗又沖累得半死 全系列是...\' at line 1')
(1064, 'You have an error in your SQL syntax; check the manual that corresponds to your MySQL server version for the right syntax to use near \'乾"尬，回家又可爽爽養髮不用又塗又沖累得半死 全系列是環\' at line 1')
1 OK !
1 OK !
(1062, "Duplicate entry '丹妮婊姐星球-2023年6月13日' for key 'PRIMARY'")
(1062, "Duplicate entry '丹妮婊姐星球-2023年6月13日' for key 'fb_data.PRIMARY'")
(1062, "Duplicate entry '丹妮婊姐星球-2023年10月11日' for key 'PRIMARY'")
(1062, "Duplicate entry '丹妮婊姐星球-2023年10月11日' for key 'fb_data.PRIMARY'")
(1062, "Duplicate entry '丹妮婊姐星球-2023年6月21日' for key 'PRIMARY'")
(1062, "Duplicate entry '丹妮婊姐星球-2023年6月21日' for key 'fb_data.PRIMARY'")
(1062, "Duplicate entry '丹妮婊姐星球-2023年5月9日' for key 'PRIMARY'")
(1062, "Duplicate entry '丹妮婊姐星球-2023年5月9日' for key 'fb_data.PRIMARY'")
1 OK !
1 OK !
1 OK !
1 OK !
1 OK !
1 OK !
1 OK !
1 OK !
1 OK !
1 OK !
1 OK !
1 OK !
1 OK !
1 OK !
1 OK !
1 OK !
(1062, "Duplicate entry '丹妮婊姐星球-2023年2月16日' for key 'PRIMARY'")
(1062, "Duplicate entry '丹妮婊姐星球-2023年2月16日' for key 'fb_data.PRIMARY'")
(1062, "Duplicate entry '丹妮婊姐星球-2月15日' for key 'PRIMARY'")
(1062, "Duplicate entry '丹妮婊姐星球-2月15日' for key 'fb_data.PRIMARY'")
1 OK !
1 OK !
(1062, "Duplicate entry '丹妮婊姐星球-2023年4月12日' for key 'PRIMARY'")
(1062, "Duplicate entry '丹妮婊姐星球-2023年4月12日' for key 'fb_data.PRIMARY'")
1 OK !
1 OK !
1 OK !
1 OK !
(1062, "Duplicate entry '丹妮婊姐星球-2月21日' for key 'PRIMARY'")
(1062, "Duplicate entry '丹妮婊姐星球-2月21日' for key 'fb_data.PRIMARY'")
1 OK !
1 OK !
(1064, 'You have an error in your SQL syntax; check the manual that corresponds to your MariaDB server version for the right syntax to use near \'乾"尬，回家又可爽爽養髮不用又塗又沖累得半死 全系列是...\' at line 1')
(1064, 'You have an error in your SQL syntax; check the manual that corresponds to your MySQL server version for the right syntax to use near \'乾"尬，回家又可爽爽養髮不用又塗又沖累得半死 全系列是環\' at line 1')
(1062, "Duplicate entry '丹妮婊姐星球-2023年11月26日' for key 'PRIMARY'")
(1062, "Duplicate entry '丹妮婊姐星球-2023年11月26日' for key 'fb_data.PRIMARY'")
1 OK !
1 OK !
1 OK !
1 OK !
1 OK !
1 OK !
1 OK !
1 OK !
1 OK !
1 OK !
1 OK !
1 OK !
1 OK !
1 OK !
1 OK !
1 OK !
1 OK !
1 OK !
1 OK !
1 OK !
1 OK !
1 OK !
1 OK !
1 OK !
(1062, "Duplicate entry '丹妮婊姐星球-2023年3月1日' for key 'PRIMARY'")
(1062, "Duplicate entry '丹妮婊姐星球-2023年3月1日' for key 'fb_data.PRIMARY'")
(1062, "Duplicate entry '丹妮婊姐星球-2023年12月20日' for key 'PRIMARY'")
(1062, "Duplicate entry '丹妮婊姐星球-2023年12月20日' for key 'fb_data.PRIMARY'")
1 OK !
1 OK !
1 OK !
1 OK !
(1062, "Duplicate entry '丹妮婊姐星球-2月23日' for key 'PRIMARY'")
(1062, "Duplicate entry '丹妮婊姐星球-2月23日' for key 'fb_data.PRIMARY'")
1 OK !
1 OK !
1 OK !
1 OK !
1 OK !
1 OK !
1 OK !
1 OK !
(1064, 'You have an error in your SQL syntax; check the manual that corresponds to your MariaDB server version for the right syntax to use near \'不陽痿"大腸圈界大俠在此!! 話說這擺在那平凡無奇，但一...\' at line 1')
(1064, 'You have an error in your SQL syntax; check the manual that corresponds to your MySQL server version for the right syntax to use near \'不陽痿"大腸圈界大俠在此!! 話說這擺在那平凡無奇，但一綁å\' at line 1')
(1062, "Duplicate entry '丹妮婊姐星球-2023年4月10日' for key 'PRIMARY'")
(1062, "Duplicate entry '丹妮婊姐星球-2023年4月10日' for key 'fb_data.PRIMARY'")
1 OK !
1 OK !
1 OK !
1 OK !
(1062, "Duplicate entry '丹妮婊姐星球-2023年1月7日' for key 'PRIMARY'")
(1062, "Duplicate entry '丹妮婊姐星球-2023年1月7日' for key 'fb_data.PRIMARY'")
(1062, "Duplicate entry '丹妮婊姐星球-2023年4月7日' for key 'PRIMARY'")
(1062, "Duplicate entry '丹妮婊姐星球-2023年4月7日' for key 'fb_data.PRIMARY'")
1 OK !
1 OK !
(1062, "Duplicate entry '丹妮婊姐星球-2023年5月10日' for key 'PRIMARY'")
(1062, "Duplicate entry '丹妮婊姐星球-2023年5月10日' for key 'fb_data.PRIMARY'")
(1062, "Duplicate entry '丹妮婊姐星球-2023年4月16日' for key 'PRIMARY'")
(1062, "Duplicate entry '丹妮婊姐星球-2023年4月16日' for key 'fb_data.PRIMARY'")
1 OK !
1 OK !
1 OK !
1 OK !
1 OK !
1 OK !
(1062, "Duplicate entry '丹妮婊姐星球-2023年3月22日' for key 'PRIMARY'")
(1062, "Duplicate entry '丹妮婊姐星球-2023年3月22日' for key 'fb_data.PRIMARY'")
1 OK !
1 OK !
1 OK !
1 OK !
1 OK !
1 OK !
(1062, "Duplicate entry '丹妮婊姐星球-2022年12月25日' for key 'PRIMARY'")
(1062, "Duplicate entry '丹妮婊姐星球-2022年12月25日' for key 'fb_data.PRIMARY'")
1 OK !
1 OK !
1 OK !
1 OK !
1 OK !
1 OK !
1 OK !
1 OK !
(1062, "Duplicate entry '丹妮婊姐星球-2023年2月28日' for key 'PRIMARY'")
(1062, "Duplicate entry '丹妮婊姐星球-2023年2月28日' for key 'fb_data.PRIMARY'")
1 OK !
1 OK !
(1062, "Duplicate entry '丹妮婊姐星球-2022年11月11日' for key 'PRIMARY'")
(1062, "Duplicate entry '丹妮婊姐星球-2022年11月11日' for key 'fb_data.PRIMARY'")
1 OK !
1 OK !
1 OK !
1 OK !
(1062, "Duplicate entry '丹妮婊姐星球-2023年9月20日' for key 'PRIMARY'")
(1062, "Duplicate entry '丹妮婊姐星球-2023年9月20日' for key 'fb_data.PRIMARY'")
(1062, "Duplicate entry '丹妮婊姐星球-2023年2月16日' for key 'PRIMARY'")
(1062, "Duplicate entry '丹妮婊姐星球-2023年2月16日' for key 'fb_data.PRIMARY'")
(1062, "Duplicate entry '丹妮婊姐星球-2023年3月25日' for key 'PRIMARY'")
(1062, "Duplicate entry '丹妮婊姐星球-2023年3月25日' for key 'fb_data.PRIMARY'")
(1062, "Duplicate entry '丹妮婊姐星球-2023年7月6日' for key 'PRIMARY'")
(1062, "Duplicate entry '丹妮婊姐星球-2023年7月6日' for key 'fb_data.PRIMARY'")
(1062, "Duplicate entry '丹妮婊姐星球-2月25日下午7:37' for key 'PRIMARY'")
(1062, "Duplicate entry '丹妮婊姐星球-2月25日下午7:37' for key 'fb_data.PRIMARY'")
(1062, "Duplicate entry '丹妮婊姐星球-2023年10月12日' for key 'PRIMARY'")
(1062, "Duplicate entry '丹妮婊姐星球-2023年10月12日' for key 'fb_data.PRIMARY'")
(1062, "Duplicate entry '丹妮婊姐星球-2023年5月6日' for key 'PRIMARY'")
(1062, "Duplicate entry '丹妮婊姐星球-2023年5月6日' for key 'fb_data.PRIMARY'")
1 OK !
1 OK !
1 OK !
1 OK !
(1062, "Duplicate entry '丹妮婊姐星球-2023年5月27日' for key 'PRIMARY'")
(1062, "Duplicate entry '丹妮婊姐星球-2023年5月27日' for key 'fb_data.PRIMARY'")
1 OK !
1 OK !
1 OK !
1 OK !
1 OK !
1 OK !
1 OK !
1 OK !
1 OK !
1 OK !
(1062, "Duplicate entry '丹妮婊姐星球-2023年9月13日' for key 'PRIMARY'")
(1062, "Duplicate entry '丹妮婊姐星球-2023年9月13日' for key 'fb_data.PRIMARY'")
(1062, "Duplicate entry '丹妮婊姐星球-2022年11月27日' for key 'PRIMARY'")
(1062, "Duplicate entry '丹妮婊姐星球-2022年11月27日' for key 'fb_data.PRIMARY'")
(1062, "Duplicate entry '丹妮婊姐星球-2023年4月6日' for key 'PRIMARY'")
(1062, "Duplicate entry '丹妮婊姐星球-2023年4月6日' for key 'fb_data.PRIMARY'")
(1062, "Duplicate entry '丹妮婊姐星球-2023年2月6日' for key 'PRIMARY'")
(1062, "Duplicate entry '丹妮婊姐星球-2023年2月6日' for key 'fb_data.PRIMARY'")
(1062, "Duplicate entry '丹妮婊姐星球-2023年7月3日' for key 'PRIMARY'")
(1062, "Duplicate entry '丹妮婊姐星球-2023年7月3日' for key 'fb_data.PRIMARY'")
(1062, "Duplicate entry '丹妮婊姐星球-2023年7月6日' for key 'PRIMARY'")
(1062, "Duplicate entry '丹妮婊姐星球-2023年7月6日' for key 'fb_data.PRIMARY'")
1 OK !
1 OK !
(1062, "Duplicate entry '丹妮婊姐星球-2023年8月10日' for key 'PRIMARY'")
(1062, "Duplicate entry '丹妮婊姐星球-2023年8月10日' for key 'fb_data.PRIMARY'")
(1062, "Duplicate entry '丹妮婊姐星球-2023年2月8日' for key 'PRIMARY'")
(1062, "Duplicate entry '丹妮婊姐星球-2023年2月8日' for key 'fb_data.PRIMARY'")
1 OK !
1 OK !
1 OK !
1 OK !
(1062, "Duplicate entry '丹妮婊姐星球-2023年2月4日' for key 'PRIMARY'")
(1062, "Duplicate entry '丹妮婊姐星球-2023年2月4日' for key 'fb_data.PRIMARY'")
(1062, "Duplicate entry '丹妮婊姐星球-2022年12月20日' for key 'PRIMARY'")
(1062, "Duplicate entry '丹妮婊姐星球-2022年12月20日' for key 'fb_data.PRIMARY'")
1 OK !
1 OK !
1 OK !
1 OK !
1 OK !
1 OK !
(1062, "Duplicate entry '丹妮婊姐星球-2023年3月22日' for key 'PRIMARY'")
(1062, "Duplicate entry '丹妮婊姐星球-2023年3月22日' for key 'fb_data.PRIMARY'")
(1062, "Duplicate entry '丹妮婊姐星球-2023年1月10日' for key 'PRIMARY'")
(1062, "Duplicate entry '丹妮婊姐星球-2023年1月10日' for key 'fb_data.PRIMARY'")
1 OK !
1 OK !
(1062, "Duplicate entry '丹妮婊姐星球-2023年9月5日' for key 'PRIMARY'")
(1062, "Duplicate entry '丹妮婊姐星球-2023年9月5日' for key 'fb_data.PRIMARY'")
(1062, "Duplicate entry '丹妮婊姐星球-2023年7月22日' for key 'PRIMARY'")
(1062, "Duplicate entry '丹妮婊姐星球-2023年7月22日' for key 'fb_data.PRIMARY'")
1 OK !
1 OK !
(1062, "Duplicate entry '丹妮婊姐星球-2023年5月7日' for key 'PRIMARY'")
(1062, "Duplicate entry '丹妮婊姐星球-2023年5月7日' for key 'fb_data.PRIMARY'")
(1062, "Duplicate entry '丹妮婊姐星球-2023年4月3日' for key 'PRIMARY'")
(1062, "Duplicate entry '丹妮婊姐星球-2023年4月3日' for key 'fb_data.PRIMARY'")
1 OK !
1 OK !
(1062, "Duplicate entry '丹妮婊姐星球-2023年3月10日' for key 'PRIMARY'")
(1062, "Duplicate entry '丹妮婊姐星球-2023年3月10日' for key 'fb_data.PRIMARY'")
(1062, "Duplicate entry '丹妮婊姐星球-2023年4月13日' for key 'PRIMARY'")
(1062, "Duplicate entry '丹妮婊姐星球-2023年4月13日' for key 'fb_data.PRIMARY'")
(1062, "Duplicate entry '丹妮婊姐星球-2023年2月21日' for key 'PRIMARY'")
(1062, "Duplicate entry '丹妮婊姐星球-2023年2月21日' for key 'fb_data.PRIMARY'")
1 OK !
1 OK !
(1062, "Duplicate entry '丹妮婊姐星球-2022年11月11日' for key 'PRIMARY'")
(1062, "Duplicate entry '丹妮婊姐星球-2022年11月11日' for key 'fb_data.PRIMARY'")
1 OK !
1 OK !
1 OK !
1 OK !
(1062, "Duplicate entry '丹妮婊姐星球-2023年3月12日' for key 'PRIMARY'")
(1062, "Duplicate entry '丹妮婊姐星球-2023年3月12日' for key 'fb_data.PRIMARY'")
(1062, "Duplicate entry '丹妮婊姐星球-2023年2月14日' for key 'PRIMARY'")
(1062, "Duplicate entry '丹妮婊姐星球-2023年2月14日' for key 'fb_data.PRIMARY'")
(1062, "Duplicate entry '丹妮婊姐星球-2022年12月5日' for key 'PRIMARY'")
(1062, "Duplicate entry '丹妮婊姐星球-2022年12月5日' for key 'fb_data.PRIMARY'")
1 OK !
1 OK !
(1062, "Duplicate entry '丹妮婊姐星球-2022年11月12日' for key 'PRIMARY'")
(1062, "Duplicate entry '丹妮婊姐星球-2022年11月12日' for key 'fb_data.PRIMARY'")
1 OK !
1 OK !
(1062, "Duplicate entry '丹妮婊姐星球-2023年8月30日' for key 'PRIMARY'")
(1062, "Duplicate entry '丹妮婊姐星球-2023年8月30日' for key 'fb_data.PRIMARY'")
(1062, "Duplicate entry '丹妮婊姐星球-2023年1月19日' for key 'PRIMARY'")
(1062, "Duplicate entry '丹妮婊姐星球-2023年1月19日' for key 'fb_data.PRIMARY'")
(1062, "Duplicate entry '丹妮婊姐星球-2023年8月31日' for key 'PRIMARY'")
(1062, "Duplicate entry '丹妮婊姐星球-2023年8月31日' for key 'fb_data.PRIMARY'")
(1062, "Duplicate entry '丹妮婊姐星球-2023年11月4日' for key 'PRIMARY'")
(1062, "Duplicate entry '丹妮婊姐星球-2023年11月4日' for key 'fb_data.PRIMARY'")
1 OK !
1 OK !
(1062, "Duplicate entry '丹妮婊姐星球-2022年12月26日' for key 'PRIMARY'")
(1062, "Duplicate entry '丹妮婊姐星球-2022年12月26日' for key 'fb_data.PRIMARY'")
1 OK !
1 OK !
(1062, "Duplicate entry '丹妮婊姐星球-1月3日' for key 'PRIMARY'")
(1062, "Duplicate entry '丹妮婊姐星球-1月3日' for key 'fb_data.PRIMARY'")
(1062, "Duplicate entry '丹妮婊姐星球-2023年4月22日' for key 'PRIMARY'")
(1062, "Duplicate entry '丹妮婊姐星球-2023年4月22日' for key 'fb_data.PRIMARY'")
1 OK !
1 OK !
(1062, "Duplicate entry '丹妮婊姐星球-2022年12月18日' for key 'PRIMARY'")
(1062, "Duplicate entry '丹妮婊姐星球-2022年12月18日' for key 'fb_data.PRIMARY'")
(1064, 'You have an error in your SQL syntax; check the manual that corresponds to your MariaDB server version for the right syntax to use near \'不陽痿髮圈"，萬一鬆了就用吹風機吹吹恢復緊度，一條可...\' at line 1')
(1064, 'You have an error in your SQL syntax; check the manual that corresponds to your MySQL server version for the right syntax to use near \'不陽痿髮圈"，萬一鬆了就用吹風機吹吹恢復緊度，一條可以ç\' at line 1')
(1062, "Duplicate entry '丹妮婊姐星球-2023年9月25日' for key 'PRIMARY'")
(1062, "Duplicate entry '丹妮婊姐星球-2023年9月25日' for key 'fb_data.PRIMARY'")
(1062, "Duplicate entry '丹妮婊姐星球-2023年2月10日' for key 'PRIMARY'")
(1062, "Duplicate entry '丹妮婊姐星球-2023年2月10日' for key 'fb_data.PRIMARY'")
1 OK !
1 OK !
(1064, 'You have an error in your SQL syntax; check the manual that corresponds to your MariaDB server version for the right syntax to use near \'不陽痿"大腸圈界大俠在此!! 話說這擺在那平凡無奇，但一...\' at line 1')
(1064, 'You have an error in your SQL syntax; check the manual that corresponds to your MySQL server version for the right syntax to use near \'不陽痿"大腸圈界大俠在此!! 話說這擺在那平凡無奇，但一綁å\' at line 1')
1 OK !
1 OK !
(1062, "Duplicate entry '丹妮婊姐星球-2023年2月16日' for key 'PRIMARY'")
(1062, "Duplicate entry '丹妮婊姐星球-2023年2月16日' for key 'fb_data.PRIMARY'")
1 OK !
1 OK !
(1062, "Duplicate entry '丹妮婊姐星球-2023年4月18日' for key 'PRIMARY'")
(1062, "Duplicate entry '丹妮婊姐星球-2023年4月18日' for key 'fb_data.PRIMARY'")
(1062, "Duplicate entry '丹妮婊姐星球-2023年7月16日' for key 'PRIMARY'")
(1062, "Duplicate entry '丹妮婊姐星球-2023年7月16日' for key 'fb_data.PRIMARY'")
(1062, "Duplicate entry '丹妮婊姐星球-2023年8月27日' for key 'PRIMARY'")
(1062, "Duplicate entry '丹妮婊姐星球-2023年8月27日' for key 'fb_data.PRIMARY'")
1 OK !
1 OK !
1 OK !
1 OK !
(1062, "Duplicate entry '丹妮婊姐星球-2023年11月24日' for key 'PRIMARY'")
(1062, "Duplicate entry '丹妮婊姐星球-2023年11月24日' for key 'fb_data.PRIMARY'")
1 OK !
1 OK !
(1062, "Duplicate entry '丹妮婊姐星球-2023年2月6日' for key 'PRIMARY'")
(1062, "Duplicate entry '丹妮婊姐星球-2023年2月6日' for key 'fb_data.PRIMARY'")
1 OK !
1 OK !
1 OK !
1 OK !
(1062, "Duplicate entry '丹妮婊姐星球-2023年3月16日' for key 'PRIMARY'")
(1062, "Duplicate entry '丹妮婊姐星球-2023年3月16日' for key 'fb_data.PRIMARY'")
(1062, "Duplicate entry '丹妮婊姐星球-2023年1月11日' for key 'PRIMARY'")
(1062, "Duplicate entry '丹妮婊姐星球-2023年1月11日' for key 'fb_data.PRIMARY'")
1 OK !
1 OK !
(1062, "Duplicate entry '丹妮婊姐星球-2023年4月9日' for key 'PRIMARY'")
(1062, "Duplicate entry '丹妮婊姐星球-2023年4月9日' for key 'fb_data.PRIMARY'")
(1062, "Duplicate entry '丹妮婊姐星球-3月5日下午8:35' for key 'PRIMARY'")
(1062, "Duplicate entry '丹妮婊姐星球-3月5日下午8:35' for key 'fb_data.PRIMARY'")
(1062, "Duplicate entry '丹妮婊姐星球-2023年5月17日' for key 'PRIMARY'")
(1062, "Duplicate entry '丹妮婊姐星球-2023年5月17日' for key 'fb_data.PRIMARY'")
(1062, "Duplicate entry '丹妮婊姐星球-2023年5月15日' for key 'PRIMARY'")
(1062, "Duplicate entry '丹妮婊姐星球-2023年5月15日' for key 'fb_data.PRIMARY'")
(1062, "Duplicate entry '丹妮婊姐星球-2022年11月29日' for key 'PRIMARY'")
(1062, "Duplicate entry '丹妮婊姐星球-2022年11月29日' for key 'fb_data.PRIMARY'")
1 OK !
1 OK !
(1062, "Duplicate entry '丹妮婊姐星球-2023年2月26日' for key 'PRIMARY'")
(1062, "Duplicate entry '丹妮婊姐星球-2023年2月26日' for key 'fb_data.PRIMARY'")
(1062, "Duplicate entry '丹妮婊姐星球-2023年3月30日' for key 'PRIMARY'")
(1062, "Duplicate entry '丹妮婊姐星球-2023年3月30日' for key 'fb_data.PRIMARY'")
(1062, "Duplicate entry '丹妮婊姐星球-2023年8月27日' for key 'PRIMARY'")
(1062, "Duplicate entry '丹妮婊姐星球-2023年8月27日' for key 'fb_data.PRIMARY'")
1 OK !
1 OK !
(1062, "Duplicate entry '丹妮婊姐星球-2022年12月9日' for key 'PRIMARY'")
(1062, "Duplicate entry '丹妮婊姐星球-2022年12月9日' for key 'fb_data.PRIMARY'")
1 OK !
1 OK !
(1062, "Duplicate entry '丹妮婊姐星球-1月4日' for key 'PRIMARY'")
(1062, "Duplicate entry '丹妮婊姐星球-1月4日' for key 'fb_data.PRIMARY'")
(1062, "Duplicate entry '丹妮婊姐星球-2023年8月3日' for key 'PRIMARY'")
(1062, "Duplicate entry '丹妮婊姐星球-2023年8月3日' for key 'fb_data.PRIMARY'")
1 OK !
1 OK !
(1062, "Duplicate entry '丹妮婊姐星球-2023年5月10日' for key 'PRIMARY'")
(1062, "Duplicate entry '丹妮婊姐星球-2023年5月10日' for key 'fb_data.PRIMARY'")
(1062, "Duplicate entry '丹妮婊姐星球-3月12日下午9:01' for key 'PRIMARY'")
(1062, "Duplicate entry '丹妮婊姐星球-3月12日下午9:01' for key 'fb_data.PRIMARY'")
1 OK !
1 OK !
(1062, "Duplicate entry '丹妮婊姐星球-2023年10月25日' for key 'PRIMARY'")
(1062, "Duplicate entry '丹妮婊姐星球-2023年10月25日' for key 'fb_data.PRIMARY'")
(1062, "Duplicate entry '丹妮婊姐星球-2023年10月20日' for key 'PRIMARY'")
(1062, "Duplicate entry '丹妮婊姐星球-2023年10月20日' for key 'fb_data.PRIMARY'")
1 OK !
1 OK !
1 OK !
1 OK !
1 OK !
1 OK !
1 OK !
1 OK !
1 OK !
1 OK !
1 OK !
1 OK !
1 OK !
1 OK !
1 OK !
1 OK !
1 OK !
1 OK !
1 OK !
1 OK !
1 OK !
1 OK !
1 OK !
1 OK !
1 OK !
1 OK !
1 OK !
1 OK !
1 OK !
1 OK !
1 OK !
1 OK !
1 OK !
1 OK !
1 OK !
1 OK !
1 OK !
1 OK !
1 OK !
1 OK !
1 OK !
1 OK !
1 OK !
1 OK !
1 OK !
1 OK !
1 OK !
1 OK !
1 OK !
1 OK !
1 OK !
1 OK !
1 OK !
1 OK !
1 OK !
1 OK !
1 OK !
1 OK !
1 OK !
1 OK !
1 OK !
1 OK !
1 OK !
1 OK !
1 OK !
1 OK !
1 OK !
1 OK !
1 OK !
1 OK !
1 OK !
1 OK !
1 OK !
1 OK !
1 OK !
1 OK !
1 OK !
1 OK !
1 OK !
1 OK !
1 OK !
1 OK !
1 OK !
1 OK !
1 OK !
1 OK !
1 OK !
1 OK !
1 OK !
1 OK !
1 OK !
1 OK !
1 OK !
1 OK !
1 OK !
1 OK !
1 OK !
1 OK !
1 OK !
1 OK !
1 OK !
1 OK !
1 OK !
1 OK !
1 OK !
1 OK !
1 OK !
1 OK !
1 OK !
1 OK !
1 OK !
1 OK !
1 OK !
1 OK !
1 OK !
1 OK !
1 OK !
1 OK !
1 OK !
1 OK !
1 OK !
1 OK !
1 OK !
1 OK !
1 OK !
1 OK !
1 OK !
1 OK !
1 OK !
1 OK !
1 OK !
1 OK !
1 OK !
1 OK !
1 OK !
1 OK !
1 OK !
1 OK !
1 OK !
1 OK !
1 OK !
1 OK !
1 OK !
1 OK !
1 OK !
1 OK !
1 OK !
1 OK !
1 OK !
1 OK !
1 OK !
1 OK !
1 OK !
1 OK !
1 OK !
1 OK !
1 OK !
1 OK !
1 OK !
1 OK !
1 OK !
1 OK !
1 OK !
1 OK !
1 OK !
1 OK !
1 OK !
1 OK !
1 OK !
1 OK !
1 OK !
1 OK !
1 OK !
1 OK !
1 OK !
1 OK !
1 OK !
1 OK !
1 OK !
1 OK !
1 OK !
1 OK !
1 OK !
1 OK !
1 OK !
1 OK !
1 OK !
1 OK !
1 OK !
1 OK !
1 OK !
1 OK !
1 OK !
1 OK !
1 OK !
1 OK !
1 OK !
1 OK !
1 OK !
1 OK !
1 OK !
1 OK !
1 OK !
1 OK !
1 OK !
1 OK !
1 OK !
1 OK !
1 OK !
1 OK !
1 OK !
1 OK !
1 OK !
1 OK !
1 OK !
1 OK !
1 OK !
1 OK !
1 OK !
1 OK !
1 OK !
1 OK !
1 OK !
1 OK !
1 OK !
1 OK !
1 OK !
1 OK !
1 OK !
1 OK !
1 OK !
1 OK !
1 OK !
1 OK !
1 OK !
1 OK !
1 OK !
1 OK !
1 OK !
1 OK !
1 OK !
1 OK !
1 OK !
1 OK !
1 OK !
1 OK !
1 OK !
1 OK !
1 OK !
1 OK !
1 OK !
1 OK !
1 OK !
1 OK !
1 OK !
1 OK !
1 OK !
1 OK !
1 OK !
1 OK !
1 OK !
1 OK !
1 OK !
1 OK !
1 OK !
1 OK !
1 OK !
1 OK !
1 OK !
1 OK !
1 OK !
1 OK !
1 OK !
1 OK !
1 OK !
1 OK !
1 OK !
1 OK !
1 OK !
1 OK !
1 OK !
1 OK !
1 OK !
1 OK !
1 OK !
1 OK !
1 OK !
1 OK !
1 OK !
1 OK !
1 OK !
1 OK !
1 OK !
1 OK !
1 OK !
1 OK !
1 OK !
1 OK !
1 OK !
1 OK !
1 OK !
1 OK !
1 OK !
1 OK !
1 OK !
1 OK !
1 OK !
1 OK !
1 OK !
1 OK !
1 OK !
1 OK !
1 OK !
1 OK !
1 OK !
1 OK !
1 OK !
1 OK !
1 OK !
1 OK !
1 OK !
1 OK !
1 OK !
1 OK !
1 OK !
1 OK !
1 OK !
1 OK !
1 OK !
1 OK !
1 OK !
1 OK !
1 OK !
1 OK !
1 OK !
1 OK !
1 OK !
1 OK !
1 OK !
1 OK !
1 OK !
1 OK !
1 OK !
1 OK !
1 OK !
1 OK !
1 OK !
1 OK !
1 OK !
1 OK !
1 OK !
1 OK !
1 OK !
1 OK !
1 OK !
1 OK !
1 OK !
1 OK !
1 OK !
1 OK !
1 OK !
1 OK !
1 OK !
1 OK !
1 OK !
1 OK !
1 OK !
1 OK !
1 OK !
1 OK !
1 OK !
1 OK !
1 OK !
1 OK !
1 OK !
1 OK !
1 OK !
1 OK !
1 OK !
1 OK !
1 OK !
1 OK !
1 OK !
1 OK !
1 OK !
1 OK !
1 OK !
1 OK !
1 OK !
1 OK !
1 OK !
1 OK !
1 OK !
1 OK !
1 OK !
1 OK !
1 OK !
1 OK !
1 OK !
1 OK !
1 OK !
1 OK !
1 OK !
1 OK !
1 OK !
1 OK !
1 OK !
1 OK !
1 OK !
1 OK !
1 OK !
1 OK !
1 OK !
1 OK !
1 OK !
1 OK !
1 OK !
1 OK !
1 OK !
1 OK !
1 OK !
1 OK !
1 OK !
1 OK !
1 OK !
1 OK !
1 OK !
1 OK !
1 OK !
1 OK !
1 OK !
1 OK !
1 OK !
1 OK !
1 OK !
1 OK !
1 OK !
1 OK !
1 OK !
1 OK !
1 OK !
1 OK !
1 OK !
1 OK !
1 OK !
1 OK !
1 OK !
1 OK !
1 OK !
1 OK !
1 OK !
1 OK !
1 OK !
1 OK !
1 OK !
1 OK !
1 OK !
1 OK !
1 OK !
1 OK !
1 OK !
1 OK !
1 OK !
1 OK !
1 OK !
1 OK !
1 OK !
1 OK !
1 OK !
1 OK !
1 OK !
1 OK !
1 OK !
1 OK !
1 OK !
1 OK !
1 OK !
1 OK !
1 OK !
1 OK !
1 OK !
1 OK !
1 OK !
1 OK !
1 OK !
1 OK !
1 OK !
1 OK !
1 OK !
1 OK !
1 OK !
1 OK !
1 OK !
1 OK !
1 OK !
1 OK !
1 OK !
1 OK !
1 OK !
1 OK !
1 OK !
1 OK !
1 OK !
1 OK !
1 OK !
1 OK !
1 OK !
1 OK !
1 OK !
1 OK !
1 OK !
1 OK !
1 OK !
1 OK !
1 OK !
1 OK !
1 OK !
1 OK !
1 OK !
1 OK !
1 OK !
1 OK !
1 OK !
1 OK !
1 OK !
1 OK !
1 OK !
1 OK !
1 OK !
1 OK !
1 OK !
1 OK !
1 OK !
1 OK !
1 OK !
1 OK !
1 OK !
1 OK !
1 OK !
1 OK !
1 OK !
1 OK !
1 OK !
1 OK !
1 OK !
1 OK !
1 OK !
1 OK !
1 OK !
1 OK !
1 OK !
1 OK !
1 OK !
1 OK !
1 OK !
1 OK !
1 OK !
1 OK !
1 OK !
1 OK !
1 OK !
1 OK !
1 OK !
1 OK !
1 OK !
1 OK !
1 OK !
1 OK !
1 OK !
1 OK !
1 OK !
1 OK !
1 OK !
1 OK !
1 OK !
1 OK !
1 OK !
1 OK !
1 OK !
1 OK !
1 OK !
1 OK !
1 OK !
1 OK !
1 OK !
1 OK !
1 OK !
1 OK !
1 OK !
1 OK !
1 OK !
1 OK !
1 OK !
1 OK !
1 OK !
1 OK !
1 OK !
1 OK !
1 OK !
1 OK !
1 OK !
1 OK !
1 OK !
1 OK !
1 OK !
1 OK !
1 OK !
1 OK !
1 OK !
1 OK !
1 OK !
1 OK !
1 OK !
1 OK !
1 OK !
1 OK !
1 OK !
1 OK !
1 OK !
1 OK !
1 OK !
1 OK !
1 OK !
1 OK !
1 OK !
1 OK !
1 OK !
1 OK !
1 OK !
1 OK !
1 OK !
1 OK !
1 OK !
1 OK !
1 OK !
1 OK !
1 OK !
1 OK !
1 OK !
1 OK !
1 OK !
1 OK !
1 OK !
1 OK !
1 OK !
1 OK !
1 OK !
1 OK !
1 OK !
1 OK !
1 OK !
1 OK !
1 OK !
1 OK !
1 OK !
1 OK !
1 OK !
1 OK !
1 OK !
1 OK !
1 OK !
1 OK !
1 OK !
1 OK !
1 OK !
1 OK !
1 OK !
1 OK !
1 OK !
1 OK !
1 OK !
1 OK !
1 OK !
1 OK !
1 OK !
1 OK !
1 OK !
1 OK !
1 OK !
1 OK !
1 OK !
1 OK !
1 OK !
1 OK !
1 OK !
1 OK !
1 OK !
1 OK !
1 OK !
1 OK !
1 OK !
1 OK !
1 OK !
1 OK !
1 OK !
1 OK !
1 OK !
1 OK !
1 OK !
1 OK !
1 OK !
1 OK !
1 OK !
1 OK !
1 OK !
1 OK !
1 OK !
1 OK !
1 OK !
1 OK !
1 OK !
1 OK !
1 OK !
1 OK !
1 OK !
1 OK !
1 OK !
1 OK !
1 OK !
1 OK !
1 OK !
1 OK !
1 OK !
1 OK !
1 OK !
1 OK !
1 OK !
1 OK !
1 OK !
1 OK !
1 OK !
1 OK !
1 OK !
1 OK !
1 OK !
1 OK !
1 OK !
1 OK !
1 OK !
1 OK !
1 OK !
1 OK !
1 OK !
1 OK !
1 OK !
1 OK !
1 OK !
1 OK !
1 OK !
1 OK !
1 OK !
1 OK !
1 OK !
1 OK !
1 OK !
1 OK !
1 OK !
1 OK !
1 OK !
1 OK !
1 OK !
1 OK !
1 OK !
1 OK !
1 OK !
1 OK !
1 OK !
1 OK !
1 OK !
1 OK !
1 OK !
1 OK !
1 OK !
1 OK !
1 OK !
1 OK !
1 OK !
1 OK !
1 OK !
1 OK !
1 OK !
1 OK !
1 OK !
1 OK !
1 OK !
1 OK !
1 OK !
1 OK !
1 OK !
1 OK !
1 OK !
1 OK !
1 OK !
1 OK !
1 OK !
1 OK !
1 OK !
1 OK !
1 OK !
1 OK !
1 OK !
1 OK !
1 OK !
1 OK !
1 OK !
1 OK !
1 OK !
1 OK !
1 OK !
1 OK !
1 OK !
1 OK !
1 OK !
1 OK !
1 OK !
1 OK !
1 OK !
1 OK !
1 OK !
1 OK !
1 OK !
1 OK !
1 OK !
1 OK !
1 OK !
1 OK !
1 OK !
1 OK !
1 OK !
1 OK !
1 OK !
1 OK !
1 OK !
1 OK !
1 OK !
1 OK !
1 OK !
1 OK !
1 OK !
1 OK !
1 OK !
1 OK !
1 OK !
1 OK !
1 OK !
1 OK !
1 OK !
1 OK !
1 OK !
1 OK !
1 OK !
1 OK !
(1064, "You have an error in your SQL syntax; check the manual that corresponds to your MariaDB server version for the right syntax to use near '當初是他先一直希望我做他的女朋友，現在得到我後居然...' at line 4")
(1064, "You have an error in your SQL syntax; check the manual that corresponds to your MySQL server version for the right syntax to use near '當初是他先一直希望我做他的女朋友，現在得到我後居然只æ\x8a' at line 12")
1 OK !
1 OK !
1 OK !
1 OK !
1 OK !
1 OK !
1 OK !
1 OK !
1 OK !
1 OK !
1 OK !
1 OK !
1 OK !
1 OK !
1 OK !
1 OK !
1 OK !
1 OK !
1 OK !
1 OK !
1 OK !
1 OK !
1 OK !
1 OK !
1 OK !
1 OK !
1 OK !
1 OK !
1 OK !
1 OK !
1 OK !
1 OK !
1 OK !
1 OK !
1 OK !
1 OK !
1 OK !
1 OK !
1 OK !
1 OK !
1 OK !
1 OK !
1 OK !
1 OK !
1 OK !
1 OK !
1 OK !
1 OK !
1 OK !
1 OK !
1 OK !
1 OK !
1 OK !
1 OK !
1 OK !
1 OK !
1 OK !
1 OK !
1 OK !
1 OK !
1 OK !
1 OK !
1 OK !
1 OK !
1 OK !
1 OK !
1 OK !
1 OK !
1 OK !
1 OK !
1 OK !
1 OK !
1 OK !
1 OK !
(1064, 'You have an error in your SQL syntax; check the manual that corresponds to your MariaDB server version for the right syntax to use near \'奇蹟溫泉活萃"成分 ，而這次碧兒泉居然把這個臉部保養品...\' at line 1')
(1064, 'You have an error in your SQL syntax; check the manual that corresponds to your MySQL server version for the right syntax to use near \'奇蹟溫泉活萃"成分 ，而這次碧兒泉居然把這個臉部保養品成\' at line 42')
1 OK !
1 OK !
1 OK !
1 OK !
1 OK !
1 OK !
1 OK !
1 OK !
1 OK !
1 OK !
1 OK !
1 OK !
1 OK !
1 OK !
1 OK !
1 OK !
1 OK !
1 OK !
1 OK !
1 OK !
1 OK !
1 OK !
1 OK !
1 OK !
1 OK !
1 OK !
1 OK !
1 OK !
1 OK !
1 OK !
1 OK !
1 OK !
1 OK !
1 OK !
1 OK !
1 OK !
1 OK !
1 OK !
1 OK !
1 OK !
1 OK !
1 OK !
1 OK !
1 OK !
1 OK !
1 OK !
1 OK !
1 OK !
1 OK !
1 OK !
1 OK !
1 OK !
1 OK !
1 OK !
1 OK !
1 OK !
1 OK !
1 OK !
1 OK !
1 OK !
1 OK !
1 OK !
1 OK !
1 OK !
1 OK !
1 OK !
1 OK !
1 OK !
1 OK !
1 OK !
1 OK !
1 OK !
1 OK !
1 OK !
1 OK !
1 OK !
1 OK !
1 OK !
1 OK !
1 OK !
1 OK !
1 OK !
1 OK !
1 OK !
1 OK !
1 OK !
1 OK !
1 OK !
1 OK !
1 OK !
1 OK !
1 OK !
1 OK !
1 OK !
1 OK !
1 OK !
1 OK !
1 OK !
